{"level":"info","message":"Calculator microservice running on http://localhost:3000","service":"calculator-microservice"}
{"level":"info","message":"Request: ${req.method} ${req.url}","service":"calculator-microservice"}
{"level":"info","message":"Request: ${req.method} ${req.url}","service":"calculator-microservice"}
{"level":"info","message":"Request: ${req.method} ${req.url}","service":"calculator-microservice"}
{"level":"info","message":"Request: ${req.method} ${req.url}","service":"calculator-microservice"}
{"level":"info","message":"Request: ${req.method} ${req.url}","service":"calculator-microservice"}
{"level":"info","message":"Request: ${req.method} ${req.url}","service":"calculator-microservice"}
{"level":"info","message":"Request: ${req.method} ${req.url}","service":"calculator-microservice"}
{"level":"info","message":"Request: ${req.method} ${req.url}","service":"calculator-microservice"}
{"level":"info","message":"Request: ${req.method} ${req.url}","service":"calculator-microservice"}
{"level":"info","message":"Operation: add, Inputs: 5, 2, Result: 7","service":"calculator-microservice"}
{"level":"info","message":"Request: ${req.method} ${req.url}","service":"calculator-microservice"}
{"level":"info","message":"Operation: add, Inputs: 5, 2, Result: 7","service":"calculator-microservice"}
{"level":"info","message":"Request: ${req.method} ${req.url}","service":"calculator-microservice"}
{"level":"info","message":"Operation: add, Inputs: 5, 2, Result: 7","service":"calculator-microservice"}
{"level":"info","message":"Request: ${req.method} ${req.url}","service":"calculator-microservice"}
{"level":"info","message":"Operation: add, Inputs: 5, 2, Result: 7","service":"calculator-microservice"}
{"level":"info","message":"Request: ${req.method} ${req.url}","service":"calculator-microservice"}
{"level":"info","message":"Request: ${req.method} ${req.url}","service":"calculator-microservice"}
{"level":"info","message":"Operation: add, Inputs: 5, 2, Result: 7","service":"calculator-microservice"}
{"level":"info","message":"Request: ${req.method} ${req.url}","service":"calculator-microservice"}
{"level":"info","message":"Operation: add, Inputs: 5, 2, Result: 7","service":"calculator-microservice"}
{"level":"info","message":"Request: ${req.method} ${req.url}","service":"calculator-microservice"}
{"level":"info","message":"Operation: add, Inputs: 5, 2, Result: 7","service":"calculator-microservice"}
{"level":"info","message":"Request: ${req.method} ${req.url}","service":"calculator-microservice"}
{"level":"info","message":"Operation: subtract, Inputs: 10, 4, Result: 6","service":"calculator-microservice"}
{"level":"info","message":"Request: ${req.method} ${req.url}","service":"calculator-microservice"}
{"level":"info","message":"Operation: subtract, Inputs: 10, 4, Result: 6","service":"calculator-microservice"}
{"level":"info","message":"Request: ${req.method} ${req.url}","service":"calculator-microservice"}
{"level":"info","message":"Operation: subtract, Inputs: 10, 4, Result: 6","service":"calculator-microservice"}
{"level":"info","message":"Request: ${req.method} ${req.url}","service":"calculator-microservice"}
{"level":"info","message":"Operation: subtract, Inputs: 10, 4, Result: 6","service":"calculator-microservice"}
{"level":"info","message":"Request: ${req.method} ${req.url}","service":"calculator-microservice"}
{"level":"info","message":"Operation: subtract, Inputs: 10, 4, Result: 6","service":"calculator-microservice"}
{"level":"info","message":"Request: ${req.method} ${req.url}","service":"calculator-microservice"}
{"level":"info","message":"Operation: subtract, Inputs: 10, 4, Result: 6","service":"calculator-microservice"}
{"level":"info","message":"Request: ${req.method} ${req.url}","service":"calculator-microservice"}
{"level":"info","message":"Operation: multiply, Inputs: 3, 6, Result: 18","service":"calculator-microservice"}
{"level":"info","message":"Request: ${req.method} ${req.url}","service":"calculator-microservice"}
{"level":"info","message":"Operation: multiply, Inputs: 3, 6, Result: 18","service":"calculator-microservice"}
{"level":"info","message":"Request: ${req.method} ${req.url}","service":"calculator-microservice"}
{"level":"info","message":"Operation: multiply, Inputs: 3, 6, Result: 18","service":"calculator-microservice"}
{"level":"info","message":"Request: ${req.method} ${req.url}","service":"calculator-microservice"}
{"level":"info","message":"Operation: multiply, Inputs: 3, 6, Result: 18","service":"calculator-microservice"}
{"level":"info","message":"Request: ${req.method} ${req.url}","service":"calculator-microservice"}
{"level":"info","message":"Operation: multiply, Inputs: 3, 6, Result: 18","service":"calculator-microservice"}
{"level":"info","message":"Request: ${req.method} ${req.url}","service":"calculator-microservice"}
{"level":"info","message":"Operation: multiply, Inputs: 3, 6, Result: 18","service":"calculator-microservice"}
{"level":"info","message":"Request: ${req.method} ${req.url}","service":"calculator-microservice"}
{"level":"info","message":"Operation: divide, Inputs: 8, 2, Result: 4","service":"calculator-microservice"}
{"level":"info","message":"Request: ${req.method} ${req.url}","service":"calculator-microservice"}
{"level":"info","message":"Operation: divide, Inputs: 8, 2, Result: 4","service":"calculator-microservice"}
{"level":"info","message":"Request: ${req.method} ${req.url}","service":"calculator-microservice"}
{"level":"info","message":"Operation: divide, Inputs: 8, 2, Result: 4","service":"calculator-microservice"}
{"level":"info","message":"Request: ${req.method} ${req.url}","service":"calculator-microservice"}
{"level":"info","message":"Operation: divide, Inputs: 8, 2, Result: 4","service":"calculator-microservice"}
{"level":"info","message":"Request: ${req.method} ${req.url}","service":"calculator-microservice"}
{"level":"info","message":"Operation: divide, Inputs: 8, 2, Result: 4","service":"calculator-microservice"}
{"level":"info","message":"Calculator microservice running on http://localhost:3000","service":"calculator-microservice"}
{"level":"info","message":"Request: ${req.method} ${req.url}","service":"calculator-microservice"}
{"level":"info","message":"Request: ${req.method} ${req.url}","service":"calculator-microservice"}
{"level":"info","message":"Request: ${req.method} ${req.url}","service":"calculator-microservice"}
{"level":"info","message":"Request: ${req.method} ${req.url}","service":"calculator-microservice"}
{"level":"info","message":"Request: ${req.method} ${req.url}","service":"calculator-microservice"}
{"level":"info","message":"Request: ${req.method} ${req.url}","service":"calculator-microservice"}
{"level":"info","message":"Request: ${req.method} ${req.url}","service":"calculator-microservice"}
{"level":"info","message":"Operation: add, Inputs: 5, 2, Result: 7","service":"calculator-microservice"}
{"level":"info","message":"Request: ${req.method} ${req.url}","service":"calculator-microservice"}
{"level":"info","message":"Operation: add, Inputs: 5, 2, Result: 7","service":"calculator-microservice"}
{"level":"info","message":"Request: ${req.method} ${req.url}","service":"calculator-microservice"}
{"level":"info","message":"Operation: add, Inputs: 5, 2, Result: 7","service":"calculator-microservice"}
{"level":"info","message":"Request: ${req.method} ${req.url}","service":"calculator-microservice"}
{"level":"info","message":"Operation: add, Inputs: 5, 2, Result: 7","service":"calculator-microservice"}
{"level":"info","message":"Request: ${req.method} ${req.url}","service":"calculator-microservice"}
{"level":"info","message":"Request: ${req.method} ${req.url}","service":"calculator-microservice"}
{"level":"info","message":"Operation: add, Inputs: 5, 2, Result: 7","service":"calculator-microservice"}
{"level":"info","message":"Request: ${req.method} ${req.url}","service":"calculator-microservice"}
{"level":"error","message":"Invalid input : not a number","service":"calculator-microservice"}
{"level":"info","message":"Request: ${req.method} ${req.url}","service":"calculator-microservice"}
{"level":"error","message":"Invalid input : not a number","service":"calculator-microservice"}
{"level":"info","message":"Request: ${req.method} ${req.url}","service":"calculator-microservice"}
{"level":"error","message":"Invalid input : not a number","service":"calculator-microservice"}
{"level":"info","message":"Request: ${req.method} ${req.url}","service":"calculator-microservice"}
{"level":"error","message":"Invalid input : not a number","service":"calculator-microservice"}
{"level":"info","message":"Request: ${req.method} ${req.url}","service":"calculator-microservice"}
{"level":"error","message":"Invalid input : not a number","service":"calculator-microservice"}
{"level":"info","message":"Request: ${req.method} ${req.url}","service":"calculator-microservice"}
{"level":"error","message":"Invalid input : not a number","service":"calculator-microservice"}
{"level":"info","message":"Request: ${req.method} ${req.url}","service":"calculator-microservice"}
{"level":"info","message":"Operation: add, Inputs: 3, 2, Result: 5","service":"calculator-microservice"}
{"level":"info","message":"Request: ${req.method} ${req.url}","service":"calculator-microservice"}
{"level":"info","message":"Operation: add, Inputs: 3, 2, Result: 5","service":"calculator-microservice"}
{"level":"info","message":"Request: ${req.method} ${req.url}","service":"calculator-microservice"}
{"level":"info","message":"Operation: add, Inputs: 3, 2, Result: 5","service":"calculator-microservice"}
{"level":"info","message":"Request: ${req.method} ${req.url}","service":"calculator-microservice"}
{"level":"info","message":"Operation: add, Inputs: 3, 2, Result: 5","service":"calculator-microservice"}
{"level":"info","message":"Request: ${req.method} ${req.url}","service":"calculator-microservice"}
{"level":"info","message":"Operation: add, Inputs: 3, 2, Result: 5","service":"calculator-microservice"}
{"level":"info","message":"Request: ${req.method} ${req.url}","service":"calculator-microservice"}
{"level":"info","message":"Operation: subtract, Inputs: 3, 2, Result: 1","service":"calculator-microservice"}
{"level":"info","message":"Request: ${req.method} ${req.url}","service":"calculator-microservice"}
{"level":"info","message":"Operation: subtract, Inputs: 3, 2, Result: 1","service":"calculator-microservice"}
{"level":"info","message":"Request: ${req.method} ${req.url}","service":"calculator-microservice"}
{"level":"info","message":"Operation: subtract, Inputs: 3, 2, Result: 1","service":"calculator-microservice"}
{"level":"info","message":"Request: ${req.method} ${req.url}","service":"calculator-microservice"}
{"level":"info","message":"Operation: subtract, Inputs: 3, 2, Result: 1","service":"calculator-microservice"}
{"level":"info","message":"Request: ${req.method} ${req.url}","service":"calculator-microservice"}
{"level":"info","message":"Operation: subtract, Inputs: 3, 2, Result: 1","service":"calculator-microservice"}
{"level":"info","message":"Request: ${req.method} ${req.url}","service":"calculator-microservice"}
{"level":"info","message":"Operation: subtract, Inputs: 3, 2, Result: 1","service":"calculator-microservice"}
{"level":"info","message":"Request: ${req.method} ${req.url}","service":"calculator-microservice"}
{"level":"info","message":"Operation: subtract, Inputs: 3, 2, Result: 1","service":"calculator-microservice"}
{"level":"info","message":"Request: ${req.method} ${req.url}","service":"calculator-microservice"}
{"level":"info","message":"Operation: subtract, Inputs: 3, 2, Result: 1","service":"calculator-microservice"}
{"level":"info","message":"Request: ${req.method} ${req.url}","service":"calculator-microservice"}
{"level":"info","message":"Operation: subtract, Inputs: 3, 2, Result: 1","service":"calculator-microservice"}
{"level":"info","message":"Request: ${req.method} ${req.url}","service":"calculator-microservice"}
{"level":"info","message":"Operation: subtract, Inputs: 3, 2, Result: 1","service":"calculator-microservice"}
{"level":"info","message":"Request: ${req.method} ${req.url}","service":"calculator-microservice"}
{"level":"info","message":"Operation: subtract, Inputs: 3, 2, Result: 1","service":"calculator-microservice"}
{"level":"info","message":"Calculator microservice running on http://localhost:3000","service":"calculator-microservice"}
{"headers":{"accept":"text/html,application/xhtml+xml,application/xml;q=0.9,image/avif,image/webp,image/apng,*/*;q=0.8,application/signed-exchange;v=b3;q=0.7","accept-encoding":"gzip, deflate, br, zstd","accept-language":"en-US,en;q=0.9","connection":"keep-alive","host":"localhost:3000","sec-ch-ua":"\"Chromium\";v=\"134\", \"Not:A-Brand\";v=\"24\", \"Google Chrome\";v=\"134\"","sec-ch-ua-mobile":"?0","sec-ch-ua-platform":"\"Windows\"","sec-fetch-dest":"document","sec-fetch-mode":"navigate","sec-fetch-site":"none","sec-fetch-user":"?1","upgrade-insecure-requests":"1","user-agent":"Mozilla/5.0 (Windows NT 10.0; Win64; x64) AppleWebKit/537.36 (KHTML, like Gecko) Chrome/134.0.0.0 Safari/537.36"},"ip":"::1","level":"info","message":"Incoming Request","method":"GET","service":"calculator-microservice","url":"/"}
{"headers":{"accept":"*/*","accept-encoding":"gzip, deflate, br, zstd","accept-language":"en-US,en;q=0.9","connection":"keep-alive","host":"localhost:3000","sec-fetch-dest":"empty","sec-fetch-mode":"cors","sec-fetch-site":"none","sec-fetch-storage-access":"active","user-agent":"Mozilla/5.0 (Windows NT 10.0; Win64; x64) AppleWebKit/537.36 (KHTML, like Gecko) Chrome/134.0.0.0 Safari/537.36"},"ip":"::1","level":"info","message":"Incoming Request","method":"HEAD","service":"calculator-microservice","url":"/"}
{"headers":{"accept":"*/*","accept-encoding":"gzip, deflate, br, zstd","accept-language":"en-US,en;q=0.9","connection":"keep-alive","host":"localhost:3000","sec-fetch-dest":"empty","sec-fetch-mode":"cors","sec-fetch-site":"none","sec-fetch-storage-access":"active","user-agent":"Mozilla/5.0 (Windows NT 10.0; Win64; x64) AppleWebKit/537.36 (KHTML, like Gecko) Chrome/134.0.0.0 Safari/537.36"},"ip":"::1","level":"info","message":"Incoming Request","method":"HEAD","service":"calculator-microservice","url":"/"}
{"headers":{"accept":"*/*","accept-encoding":"gzip, deflate, br, zstd","accept-language":"en-US,en;q=0.9","connection":"keep-alive","host":"localhost:3000","sec-fetch-dest":"empty","sec-fetch-mode":"cors","sec-fetch-site":"none","sec-fetch-storage-access":"active","user-agent":"Mozilla/5.0 (Windows NT 10.0; Win64; x64) AppleWebKit/537.36 (KHTML, like Gecko) Chrome/134.0.0.0 Safari/537.36"},"ip":"::1","level":"info","message":"Incoming Request","method":"HEAD","service":"calculator-microservice","url":"/"}
{"headers":{"accept":"*/*","accept-encoding":"gzip, deflate, br, zstd","accept-language":"en-US,en;q=0.9","connection":"keep-alive","host":"localhost:3000","referer":"http://localhost:3000/","sec-ch-ua":"\"Chromium\";v=\"134\", \"Not:A-Brand\";v=\"24\", \"Google Chrome\";v=\"134\"","sec-ch-ua-mobile":"?0","sec-ch-ua-platform":"\"Windows\"","sec-fetch-dest":"empty","sec-fetch-mode":"cors","sec-fetch-site":"same-origin","user-agent":"Mozilla/5.0 (Windows NT 10.0; Win64; x64) AppleWebKit/537.36 (KHTML, like Gecko) Chrome/134.0.0.0 Safari/537.36"},"ip":"::1","level":"info","message":"Incoming Request","method":"HEAD","service":"calculator-microservice","url":"/"}
{"headers":{"accept":"*/*","accept-encoding":"gzip, deflate, br, zstd","accept-language":"en-US,en;q=0.9","connection":"keep-alive","host":"localhost:3000","referer":"http://localhost:3000/","sec-ch-ua":"\"Chromium\";v=\"134\", \"Not:A-Brand\";v=\"24\", \"Google Chrome\";v=\"134\"","sec-ch-ua-mobile":"?0","sec-ch-ua-platform":"\"Windows\"","sec-fetch-dest":"empty","sec-fetch-mode":"cors","sec-fetch-site":"same-origin","user-agent":"Mozilla/5.0 (Windows NT 10.0; Win64; x64) AppleWebKit/537.36 (KHTML, like Gecko) Chrome/134.0.0.0 Safari/537.36"},"ip":"::1","level":"info","message":"Incoming Request","method":"HEAD","service":"calculator-microservice","url":"/"}
{"headers":{"accept":"*/*","accept-encoding":"gzip, deflate, br, zstd","accept-language":"en-US,en;q=0.9","connection":"keep-alive","host":"localhost:3000","sec-fetch-dest":"empty","sec-fetch-mode":"cors","sec-fetch-site":"none","sec-fetch-storage-access":"active","user-agent":"Mozilla/5.0 (Windows NT 10.0; Win64; x64) AppleWebKit/537.36 (KHTML, like Gecko) Chrome/134.0.0.0 Safari/537.36"},"ip":"::1","level":"info","message":"Incoming Request","method":"HEAD","service":"calculator-microservice","url":"/"}
{"headers":{"accept":"text/html,application/xhtml+xml,application/xml;q=0.9,image/avif,image/webp,image/apng,*/*;q=0.8,application/signed-exchange;v=b3;q=0.7","accept-encoding":"gzip, deflate, br, zstd","accept-language":"en-US,en;q=0.9","connection":"keep-alive","host":"localhost:3000","if-none-match":"W/\"c-Zy7x97w4DHX4vQ3VkJrct4+MzdE\"","sec-ch-ua":"\"Chromium\";v=\"134\", \"Not:A-Brand\";v=\"24\", \"Google Chrome\";v=\"134\"","sec-ch-ua-mobile":"?0","sec-ch-ua-platform":"\"Windows\"","sec-fetch-dest":"document","sec-fetch-mode":"navigate","sec-fetch-site":"none","sec-fetch-user":"?1","upgrade-insecure-requests":"1","user-agent":"Mozilla/5.0 (Windows NT 10.0; Win64; x64) AppleWebKit/537.36 (KHTML, like Gecko) Chrome/134.0.0.0 Safari/537.36"},"ip":"::1","level":"info","message":"Incoming Request","method":"GET","service":"calculator-microservice","url":"/subtract?num1=3&num2=2"}
{"level":"info","message":"Operation: subtract, Inputs: 3, 2, Result: 1","service":"calculator-microservice"}
{"body":"{\"result\":1}","level":"info","message":"Outgoing Response","service":"calculator-microservice","statusCode":200}
{"headers":{"accept":"*/*","accept-encoding":"gzip, deflate, br, zstd","accept-language":"en-US,en;q=0.9","connection":"keep-alive","host":"localhost:3000","sec-fetch-dest":"empty","sec-fetch-mode":"cors","sec-fetch-site":"none","sec-fetch-storage-access":"active","user-agent":"Mozilla/5.0 (Windows NT 10.0; Win64; x64) AppleWebKit/537.36 (KHTML, like Gecko) Chrome/134.0.0.0 Safari/537.36"},"ip":"::1","level":"info","message":"Incoming Request","method":"HEAD","service":"calculator-microservice","url":"/subtract?num1=3&num2=2"}
{"level":"info","message":"Operation: subtract, Inputs: 3, 2, Result: 1","service":"calculator-microservice"}
{"body":"{\"result\":1}","level":"info","message":"Outgoing Response","service":"calculator-microservice","statusCode":200}
{"headers":{"accept":"*/*","accept-encoding":"gzip, deflate, br, zstd","accept-language":"en-US,en;q=0.9","connection":"keep-alive","host":"localhost:3000","if-none-match":"W/\"c-Zy7x97w4DHX4vQ3VkJrct4+MzdE\"","referer":"http://localhost:3000/subtract?num1=3&num2=2","sec-ch-ua":"\"Chromium\";v=\"134\", \"Not:A-Brand\";v=\"24\", \"Google Chrome\";v=\"134\"","sec-ch-ua-mobile":"?0","sec-ch-ua-platform":"\"Windows\"","sec-fetch-dest":"empty","sec-fetch-mode":"cors","sec-fetch-site":"same-origin","user-agent":"Mozilla/5.0 (Windows NT 10.0; Win64; x64) AppleWebKit/537.36 (KHTML, like Gecko) Chrome/134.0.0.0 Safari/537.36"},"ip":"::1","level":"info","message":"Incoming Request","method":"HEAD","service":"calculator-microservice","url":"/subtract?num1=3&num2=2"}
{"level":"info","message":"Operation: subtract, Inputs: 3, 2, Result: 1","service":"calculator-microservice"}
{"body":"{\"result\":1}","level":"info","message":"Outgoing Response","service":"calculator-microservice","statusCode":200}
{"headers":{"accept":"*/*","accept-encoding":"gzip, deflate, br, zstd","accept-language":"en-US,en;q=0.9","connection":"keep-alive","host":"localhost:3000","if-none-match":"W/\"c-Zy7x97w4DHX4vQ3VkJrct4+MzdE\"","referer":"http://localhost:3000/subtract?num1=3&num2=2","sec-ch-ua":"\"Chromium\";v=\"134\", \"Not:A-Brand\";v=\"24\", \"Google Chrome\";v=\"134\"","sec-ch-ua-mobile":"?0","sec-ch-ua-platform":"\"Windows\"","sec-fetch-dest":"empty","sec-fetch-mode":"cors","sec-fetch-site":"same-origin","user-agent":"Mozilla/5.0 (Windows NT 10.0; Win64; x64) AppleWebKit/537.36 (KHTML, like Gecko) Chrome/134.0.0.0 Safari/537.36"},"ip":"::1","level":"info","message":"Incoming Request","method":"HEAD","service":"calculator-microservice","url":"/subtract?num1=3&num2=2"}
{"level":"info","message":"Operation: subtract, Inputs: 3, 2, Result: 1","service":"calculator-microservice"}
{"body":"{\"result\":1}","level":"info","message":"Outgoing Response","service":"calculator-microservice","statusCode":200}
{"headers":{"accept":"*/*","accept-encoding":"gzip, deflate, br, zstd","accept-language":"en-US,en;q=0.9","connection":"keep-alive","host":"localhost:3000","sec-fetch-dest":"empty","sec-fetch-mode":"cors","sec-fetch-site":"none","sec-fetch-storage-access":"active","user-agent":"Mozilla/5.0 (Windows NT 10.0; Win64; x64) AppleWebKit/537.36 (KHTML, like Gecko) Chrome/134.0.0.0 Safari/537.36"},"ip":"::1","level":"info","message":"Incoming Request","method":"HEAD","service":"calculator-microservice","url":"/subtract?num1=3&num2=2"}
{"level":"info","message":"Operation: subtract, Inputs: 3, 2, Result: 1","service":"calculator-microservice"}
{"body":"{\"result\":1}","level":"info","message":"Outgoing Response","service":"calculator-microservice","statusCode":200}
{"headers":{"accept":"*/*","accept-encoding":"gzip, deflate, br, zstd","accept-language":"en-US,en;q=0.9","connection":"keep-alive","host":"localhost:3000","sec-fetch-dest":"empty","sec-fetch-mode":"cors","sec-fetch-site":"none","sec-fetch-storage-access":"active","user-agent":"Mozilla/5.0 (Windows NT 10.0; Win64; x64) AppleWebKit/537.36 (KHTML, like Gecko) Chrome/134.0.0.0 Safari/537.36"},"ip":"::1","level":"info","message":"Incoming Request","method":"HEAD","service":"calculator-microservice","url":"/subtract?num1=3&num2=2"}
{"level":"info","message":"Operation: subtract, Inputs: 3, 2, Result: 1","service":"calculator-microservice"}
{"body":"{\"result\":1}","level":"info","message":"Outgoing Response","service":"calculator-microservice","statusCode":200}
{"headers":{"accept":"*/*","accept-encoding":"gzip, deflate, br, zstd","accept-language":"en-US,en;q=0.9","connection":"keep-alive","host":"localhost:3000","sec-fetch-dest":"empty","sec-fetch-mode":"cors","sec-fetch-site":"none","sec-fetch-storage-access":"active","user-agent":"Mozilla/5.0 (Windows NT 10.0; Win64; x64) AppleWebKit/537.36 (KHTML, like Gecko) Chrome/134.0.0.0 Safari/537.36"},"ip":"::1","level":"info","message":"Incoming Request","method":"HEAD","service":"calculator-microservice","url":"/subtract?num1=3&num2=2"}
{"level":"info","message":"Operation: subtract, Inputs: 3, 2, Result: 1","service":"calculator-microservice"}
{"body":"{\"result\":1}","level":"info","message":"Outgoing Response","service":"calculator-microservice","statusCode":200}
{"headers":{"accept":"*/*","accept-encoding":"gzip, deflate, br, zstd","accept-language":"en-US,en;q=0.9","connection":"keep-alive","host":"localhost:3000","sec-fetch-dest":"empty","sec-fetch-mode":"cors","sec-fetch-site":"none","sec-fetch-storage-access":"active","user-agent":"Mozilla/5.0 (Windows NT 10.0; Win64; x64) AppleWebKit/537.36 (KHTML, like Gecko) Chrome/134.0.0.0 Safari/537.36"},"ip":"::1","level":"info","message":"Incoming Request","method":"HEAD","service":"calculator-microservice","url":"/subtract?num1=3&num2=2"}
{"level":"info","message":"Operation: subtract, Inputs: 3, 2, Result: 1","service":"calculator-microservice"}
{"body":"{\"result\":1}","level":"info","message":"Outgoing Response","service":"calculator-microservice","statusCode":200}
